<?xml version="1.0" encoding="UTF-8"?>
<testsuite name="redblacktree.RedBlackTreeTest" tests="14" skipped="0" failures="0" errors="0" timestamp="2022-09-09T20:17:52" hostname="fedora" time="0.065">
  <properties/>
  <testcase name="headMapShouldReturnNull_ifKeyNotFound()" classname="redblacktree.RedBlackTreeTest" time="0.031"/>
  <testcase name="lastKeyShouldReturnMinKeyValue_ifTreeSizeMoreZero()" classname="redblacktree.RedBlackTreeTest" time="0.003"/>
  <testcase name="lastKeyShouldReturnNull_ifTreeSizeIsZero()" classname="redblacktree.RedBlackTreeTest" time="0.002"/>
  <testcase name="tailMapShouldReturnNull_ifKeyNotFound()" classname="redblacktree.RedBlackTreeTest" time="0.002"/>
  <testcase name="subMapShouldReturnTreeMapWithKeysBetweenFirstKeyAndSecondKey()" classname="redblacktree.RedBlackTreeTest" time="0.001"/>
  <testcase name="firstKeyShouldReturnMaxKeyValue_ifTreeSizeMoreZero()" classname="redblacktree.RedBlackTreeTest" time="0.002"/>
  <testcase name="getShouldReturnNull_ifNotFound()" classname="redblacktree.RedBlackTreeTest" time="0.002"/>
  <testcase name="deleteShouldReturnNull_ifNotFound()" classname="redblacktree.RedBlackTreeTest" time="0.001"/>
  <testcase name="subMapShouldReturnNull_ifKeysNotFound()" classname="redblacktree.RedBlackTreeTest" time="0.002"/>
  <testcase name="firstKeyShouldReturnNull_ifTreeSizeIsZero()" classname="redblacktree.RedBlackTreeTest" time="0.002"/>
  <testcase name="getShouldReturnValue_ifFound()" classname="redblacktree.RedBlackTreeTest" time="0.001"/>
  <testcase name="deleteShouldReturnValue_ifFound()" classname="redblacktree.RedBlackTreeTest" time="0.001"/>
  <testcase name="headMapShouldReturnKeysMoreThenKey_ifFound()" classname="redblacktree.RedBlackTreeTest" time="0.0"/>
  <testcase name="tailMapShouldReturnNewTreeWithKeysLessThenKey_ifKeyFound()" classname="redblacktree.RedBlackTreeTest" time="0.001"/>
  <system-out><![CDATA[]]></system-out>
  <system-err><![CDATA[]]></system-err>
</testsuite>
